[Sat Mar 30 22:11:00.945388 2019] [ssl:warn] [pid 9344:tid 692] AH01909: www.seller810.lc:443:0 server certificate does NOT include an ID which matches the server name
[Sat Mar 30 22:11:01.052831 2019] [ssl:warn] [pid 9344:tid 692] AH01909: www.seller810.lc:443:0 server certificate does NOT include an ID which matches the server name
[Sat Mar 30 22:11:02.446258 2019] [ssl:warn] [pid 14556:tid 628] AH01909: www.seller810.lc:443:0 server certificate does NOT include an ID which matches the server name
[Sat Mar 30 22:11:02.532949 2019] [ssl:warn] [pid 14556:tid 628] AH01909: www.seller810.lc:443:0 server certificate does NOT include an ID which matches the server name
[Sun Mar 31 08:05:09.740182 2019] [ssl:warn] [pid 18460:tid 648] AH01909: www.seller810.lc:443:0 server certificate does NOT include an ID which matches the server name
[Sun Mar 31 08:05:09.915173 2019] [ssl:warn] [pid 18460:tid 648] AH01909: www.seller810.lc:443:0 server certificate does NOT include an ID which matches the server name
[Sun Mar 31 08:05:11.534904 2019] [ssl:warn] [pid 18360:tid 776] AH01909: www.seller810.lc:443:0 server certificate does NOT include an ID which matches the server name
[Sun Mar 31 08:05:11.667550 2019] [ssl:warn] [pid 18360:tid 776] AH01909: www.seller810.lc:443:0 server certificate does NOT include an ID which matches the server name
[Mon Apr 01 08:22:24.732575 2019] [ssl:warn] [pid 11824:tid 688] AH01909: www.seller810.lc:443:0 server certificate does NOT include an ID which matches the server name
[Mon Apr 01 08:22:24.868490 2019] [ssl:warn] [pid 11824:tid 688] AH01909: www.seller810.lc:443:0 server certificate does NOT include an ID which matches the server name
[Mon Apr 01 08:22:25.837239 2019] [ssl:warn] [pid 11924:tid 724] AH01909: www.seller810.lc:443:0 server certificate does NOT include an ID which matches the server name
[Mon Apr 01 08:22:26.018653 2019] [ssl:warn] [pid 11924:tid 724] AH01909: www.seller810.lc:443:0 server certificate does NOT include an ID which matches the server name
[Mon Apr 01 18:41:50.614990 2019] [ssl:warn] [pid 13728:tid 680] AH01909: www.seller810.lc:443:0 server certificate does NOT include an ID which matches the server name
[Mon Apr 01 18:41:50.831000 2019] [ssl:warn] [pid 13728:tid 680] AH01909: www.seller810.lc:443:0 server certificate does NOT include an ID which matches the server name
[Mon Apr 01 18:41:52.743982 2019] [ssl:warn] [pid 13960:tid 696] AH01909: www.seller810.lc:443:0 server certificate does NOT include an ID which matches the server name
[Mon Apr 01 18:41:52.890422 2019] [ssl:warn] [pid 13960:tid 696] AH01909: www.seller810.lc:443:0 server certificate does NOT include an ID which matches the server name
[Tue Apr 02 17:03:42.390537 2019] [ssl:warn] [pid 7392:tid 720] AH01909: www.seller810.lc:443:0 server certificate does NOT include an ID which matches the server name
[Tue Apr 02 17:03:42.473122 2019] [ssl:warn] [pid 7392:tid 720] AH01909: www.seller810.lc:443:0 server certificate does NOT include an ID which matches the server name
[Tue Apr 02 17:03:43.343425 2019] [ssl:warn] [pid 13428:tid 732] AH01909: www.seller810.lc:443:0 server certificate does NOT include an ID which matches the server name
[Tue Apr 02 17:03:43.443451 2019] [ssl:warn] [pid 13428:tid 732] AH01909: www.seller810.lc:443:0 server certificate does NOT include an ID which matches the server name
[Tue Apr 02 23:05:20.709030 2019] [ssl:warn] [pid 11988:tid 688] AH01909: www.seller810.lc:443:0 server certificate does NOT include an ID which matches the server name
[Tue Apr 02 23:05:20.819276 2019] [ssl:warn] [pid 11988:tid 688] AH01909: www.seller810.lc:443:0 server certificate does NOT include an ID which matches the server name
[Thu Apr 04 08:33:51.219812 2019] [ssl:warn] [pid 10852:tid 692] AH01909: www.seller810.lc:443:0 server certificate does NOT include an ID which matches the server name
[Thu Apr 04 08:33:51.373370 2019] [ssl:warn] [pid 10852:tid 692] AH01909: www.seller810.lc:443:0 server certificate does NOT include an ID which matches the server name
[Thu Apr 04 08:33:54.613691 2019] [ssl:warn] [pid 13268:tid 740] AH01909: www.seller810.lc:443:0 server certificate does NOT include an ID which matches the server name
[Thu Apr 04 08:33:54.966548 2019] [ssl:warn] [pid 13268:tid 740] AH01909: www.seller810.lc:443:0 server certificate does NOT include an ID which matches the server name
[Fri Apr 05 09:28:58.460394 2019] [ssl:warn] [pid 14124:tid 728] AH01909: www.seller810.lc:443:0 server certificate does NOT include an ID which matches the server name
[Fri Apr 05 09:28:58.726531 2019] [ssl:warn] [pid 14124:tid 728] AH01909: www.seller810.lc:443:0 server certificate does NOT include an ID which matches the server name
[Fri Apr 05 09:28:59.752295 2019] [ssl:warn] [pid 1944:tid 736] AH01909: www.seller810.lc:443:0 server certificate does NOT include an ID which matches the server name
[Fri Apr 05 09:28:59.909492 2019] [ssl:warn] [pid 1944:tid 736] AH01909: www.seller810.lc:443:0 server certificate does NOT include an ID which matches the server name
[Sat Apr 06 19:19:27.097426 2019] [ssl:warn] [pid 13692:tid 704] AH01909: www.seller810.lc:443:0 server certificate does NOT include an ID which matches the server name
[Sat Apr 06 19:19:27.559353 2019] [ssl:warn] [pid 13692:tid 704] AH01909: www.seller810.lc:443:0 server certificate does NOT include an ID which matches the server name
[Sat Apr 06 19:19:35.036904 2019] [ssl:warn] [pid 7752:tid 732] AH01909: www.seller810.lc:443:0 server certificate does NOT include an ID which matches the server name
[Sat Apr 06 19:19:35.209398 2019] [ssl:warn] [pid 7752:tid 732] AH01909: www.seller810.lc:443:0 server certificate does NOT include an ID which matches the server name
[Sun Apr 07 06:11:10.419823 2019] [ssl:warn] [pid 13340:tid 728] AH01909: www.seller810.lc:443:0 server certificate does NOT include an ID which matches the server name
[Sun Apr 07 06:11:10.556672 2019] [ssl:warn] [pid 13340:tid 728] AH01909: www.seller810.lc:443:0 server certificate does NOT include an ID which matches the server name
[Sun Apr 07 06:11:11.630755 2019] [ssl:warn] [pid 11816:tid 712] AH01909: www.seller810.lc:443:0 server certificate does NOT include an ID which matches the server name
[Sun Apr 07 06:11:11.716959 2019] [ssl:warn] [pid 11816:tid 712] AH01909: www.seller810.lc:443:0 server certificate does NOT include an ID which matches the server name
[Sun Apr 07 09:53:45.306911 2019] [ssl:warn] [pid 5616:tid 188] AH01909: www.seller810.lc:443:0 server certificate does NOT include an ID which matches the server name
[Sun Apr 07 09:53:45.399166 2019] [ssl:warn] [pid 5616:tid 188] AH01909: www.seller810.lc:443:0 server certificate does NOT include an ID which matches the server name
[Sun Apr 07 09:53:46.307396 2019] [ssl:warn] [pid 4800:tid 728] AH01909: www.seller810.lc:443:0 server certificate does NOT include an ID which matches the server name
[Sun Apr 07 09:53:46.383421 2019] [ssl:warn] [pid 4800:tid 728] AH01909: www.seller810.lc:443:0 server certificate does NOT include an ID which matches the server name
[Sun Apr 07 10:13:14.188920 2019] [ssl:warn] [pid 8204:tid 672] AH01909: www.seller810.lc:443:0 server certificate does NOT include an ID which matches the server name
[Sun Apr 07 10:13:14.276412 2019] [ssl:warn] [pid 8204:tid 672] AH01909: www.seller810.lc:443:0 server certificate does NOT include an ID which matches the server name
[Sun Apr 07 10:13:15.216348 2019] [ssl:warn] [pid 7832:tid 660] AH01909: www.seller810.lc:443:0 server certificate does NOT include an ID which matches the server name
[Sun Apr 07 10:13:15.294622 2019] [ssl:warn] [pid 7832:tid 660] AH01909: www.seller810.lc:443:0 server certificate does NOT include an ID which matches the server name
[Sun Apr 07 11:04:36.485897 2019] [ssl:warn] [pid 8600:tid 668] AH01909: www.seller810.lc:443:0 server certificate does NOT include an ID which matches the server name
[Sun Apr 07 11:04:36.605912 2019] [ssl:warn] [pid 8600:tid 668] AH01909: www.seller810.lc:443:0 server certificate does NOT include an ID which matches the server name
[Sun Apr 07 11:04:38.437810 2019] [ssl:warn] [pid 17368:tid 704] AH01909: www.seller810.lc:443:0 server certificate does NOT include an ID which matches the server name
[Sun Apr 07 11:04:38.612590 2019] [ssl:warn] [pid 17368:tid 704] AH01909: www.seller810.lc:443:0 server certificate does NOT include an ID which matches the server name
[Mon Apr 08 08:23:57.341255 2019] [ssl:warn] [pid 10288:tid 692] AH01909: www.seller810.lc:443:0 server certificate does NOT include an ID which matches the server name
[Mon Apr 08 08:23:58.080046 2019] [ssl:warn] [pid 10288:tid 692] AH01909: www.seller810.lc:443:0 server certificate does NOT include an ID which matches the server name
[Mon Apr 08 08:24:05.988846 2019] [ssl:warn] [pid 5596:tid 720] AH01909: www.seller810.lc:443:0 server certificate does NOT include an ID which matches the server name
[Mon Apr 08 08:24:06.190228 2019] [ssl:warn] [pid 5596:tid 720] AH01909: www.seller810.lc:443:0 server certificate does NOT include an ID which matches the server name
[Tue Apr 09 08:45:38.194373 2019] [ssl:warn] [pid 2104:tid 716] AH01909: www.seller810.lc:443:0 server certificate does NOT include an ID which matches the server name
[Tue Apr 09 08:45:38.731440 2019] [ssl:warn] [pid 2104:tid 716] AH01909: www.seller810.lc:443:0 server certificate does NOT include an ID which matches the server name
[Tue Apr 09 08:45:45.324464 2019] [ssl:warn] [pid 9940:tid 620] AH01909: www.seller810.lc:443:0 server certificate does NOT include an ID which matches the server name
[Tue Apr 09 08:45:45.445141 2019] [ssl:warn] [pid 9940:tid 620] AH01909: www.seller810.lc:443:0 server certificate does NOT include an ID which matches the server name
[Wed Apr 10 08:17:06.360792 2019] [ssl:warn] [pid 4420:tid 716] AH01909: www.seller810.lc:443:0 server certificate does NOT include an ID which matches the server name
[Wed Apr 10 08:17:06.634050 2019] [ssl:warn] [pid 4420:tid 716] AH01909: www.seller810.lc:443:0 server certificate does NOT include an ID which matches the server name
[Wed Apr 10 08:17:12.139479 2019] [ssl:warn] [pid 9600:tid 700] AH01909: www.seller810.lc:443:0 server certificate does NOT include an ID which matches the server name
[Wed Apr 10 08:17:12.231468 2019] [ssl:warn] [pid 9600:tid 700] AH01909: www.seller810.lc:443:0 server certificate does NOT include an ID which matches the server name
[Fri Apr 12 08:19:34.925762 2019] [ssl:warn] [pid 12580:tid 744] AH01909: www.seller810.lc:443:0 server certificate does NOT include an ID which matches the server name
[Fri Apr 12 08:19:35.188522 2019] [ssl:warn] [pid 12580:tid 744] AH01909: www.seller810.lc:443:0 server certificate does NOT include an ID which matches the server name
[Fri Apr 12 08:19:54.362650 2019] [ssl:warn] [pid 13256:tid 732] AH01909: www.seller810.lc:443:0 server certificate does NOT include an ID which matches the server name
[Fri Apr 12 08:19:54.453104 2019] [ssl:warn] [pid 13256:tid 732] AH01909: www.seller810.lc:443:0 server certificate does NOT include an ID which matches the server name
[Fri Apr 12 13:02:47.921399 2019] [ssl:warn] [pid 7632:tid 692] AH01909: www.seller810.lc:443:0 server certificate does NOT include an ID which matches the server name
[Fri Apr 12 13:02:48.074508 2019] [ssl:warn] [pid 7632:tid 692] AH01909: www.seller810.lc:443:0 server certificate does NOT include an ID which matches the server name
[Fri Apr 12 13:02:49.354466 2019] [ssl:warn] [pid 7900:tid 716] AH01909: www.seller810.lc:443:0 server certificate does NOT include an ID which matches the server name
[Fri Apr 12 13:02:49.460313 2019] [ssl:warn] [pid 7900:tid 716] AH01909: www.seller810.lc:443:0 server certificate does NOT include an ID which matches the server name
[Fri Apr 12 13:46:26.494791 2019] [ssl:warn] [pid 6376:tid 748] AH01909: www.seller810.lc:443:0 server certificate does NOT include an ID which matches the server name
[Fri Apr 12 13:46:26.646059 2019] [ssl:warn] [pid 6376:tid 748] AH01909: www.seller810.lc:443:0 server certificate does NOT include an ID which matches the server name
[Fri Apr 12 13:46:29.397150 2019] [ssl:warn] [pid 3656:tid 676] AH01909: www.seller810.lc:443:0 server certificate does NOT include an ID which matches the server name
[Fri Apr 12 13:46:29.512346 2019] [ssl:warn] [pid 3656:tid 676] AH01909: www.seller810.lc:443:0 server certificate does NOT include an ID which matches the server name
[Mon Apr 15 09:40:24.244732 2019] [ssl:warn] [pid 14160:tid 716] AH01909: www.seller810.lc:443:0 server certificate does NOT include an ID which matches the server name
[Mon Apr 15 09:40:24.454700 2019] [ssl:warn] [pid 14160:tid 716] AH01909: www.seller810.lc:443:0 server certificate does NOT include an ID which matches the server name
[Mon Apr 15 09:40:26.597397 2019] [ssl:warn] [pid 13532:tid 828] AH01909: www.seller810.lc:443:0 server certificate does NOT include an ID which matches the server name
[Mon Apr 15 09:40:26.697155 2019] [ssl:warn] [pid 13532:tid 828] AH01909: www.seller810.lc:443:0 server certificate does NOT include an ID which matches the server name
[Mon Apr 15 09:53:15.070508 2019] [ssl:warn] [pid 5220:tid 696] AH01909: www.seller810.lc:443:0 server certificate does NOT include an ID which matches the server name
[Mon Apr 15 09:53:15.275347 2019] [ssl:warn] [pid 5220:tid 696] AH01909: www.seller810.lc:443:0 server certificate does NOT include an ID which matches the server name
[Mon Apr 15 09:53:17.610299 2019] [ssl:warn] [pid 6540:tid 840] AH01909: www.seller810.lc:443:0 server certificate does NOT include an ID which matches the server name
[Mon Apr 15 09:53:17.780681 2019] [ssl:warn] [pid 6540:tid 840] AH01909: www.seller810.lc:443:0 server certificate does NOT include an ID which matches the server name
